#
# There is insufficient memory for the Java Runtime Environment to continue.
# Native memory allocation (mmap) failed to map 268435456 bytes for Failed to commit area from 0x0000000701c00000 to 0x0000000711c00000 of length 268435456.
# Possible reasons:
#   The system is out of physical RAM or swap space
#   The process is running with CompressedOops enabled, and the Java Heap may be blocking the growth of the native heap
# Possible solutions:
#   Reduce memory load on the system
#   Increase physical memory or swap space
#   Check if swap backing store is full
#   Decrease Java heap size (-Xmx/-Xms)
#   Decrease number of Java threads
#   Decrease Java thread stack sizes (-Xss)
#   Set larger code cache with -XX:ReservedCodeCacheSize=
# This output file may be truncated or incomplete.
#
#  Out of Memory Error (./src/hotspot/os/windows/os_windows.cpp:3301), pid=16152, tid=16768
#
# JRE version:  (11.0.10+9) (build )
# Java VM: Dynamic Code Evolution 64-Bit Server VM (11.0.10+9-b1341.41, mixed mode, sharing, tiered, compressed oops, g1 gc, windows-amd64)
# No core dump will be written. Minidumps are not enabled by default on client versions of Windows
#

---------------  S U M M A R Y ------------

Command Line: org.jetbrains.git4idea.http.GitAskPassApp Username for 'https://github.com': 

Host: Intel(R) Core(TM) i7-7700HQ CPU @ 2.80GHz, 8 cores, 15G,  Windows 10 , 64 bit Build 19041 (10.0.19041.1202)
Time: Fri Oct 29 02:17:17 2021 ¶«²¿ÏÄÁîÊ± elapsed time: 0.014885 seconds (0d 0h 0m 0s)

---------------  T H R E A D  ---------------

Current thread (0x0000022907c7a000):  JavaThread "Unknown thread" [_thread_in_vm, id=16768, stack(0x000000a0f1500000,0x000000a0f1600000)]

Stack: [0x000000a0f1500000,0x000000a0f1600000]
Native frames: (J=compiled Java code, j=interpreted, Vv=VM code, C=native code)
V  [jvm.dll+0x5f84fa]
V  [jvm.dll+0x77e085]
V  [jvm.dll+0x77f5dd]
V  [jvm.dll+0x77fc93]
V  [jvm.dll+0x2457e8]
V  [jvm.dll+0x5f58f4]
V  [jvm.dll+0x5ea975]
V  [jvm.dll+0x30228b]
V  [jvm.dll+0x3021fa]
V  [jvm.dll+0x3020d2]
V  [jvm.dll+0x306fb6]
V  [jvm.dll+0x34f843]
V  [jvm.dll+0x34ff46]
V  [jvm.dll+0x34f943]
V  [jvm.dll+0x2dbcb8]
V  [jvm.dll+0x2dce57]
V  [jvm.dll+0x75c4d7]
V  [jvm.dll+0x75dd6c]
V  [jvm.dll+0x35cdb9]
V  [jvm.dll+0x73fc9e]
V  [jvm.dll+0x3c5663]
V  [jvm.dll+0x3c7a21]
C  [jli.dll+0x5373]
C  [ucrtbase.dll+0x21bb2]
C  [KERNEL32.DLL+0x17034]
C  [ntdll.dll+0x52651]


---------------  P R O C E S S  ---------------

Threads class SMR info:
_java_thread_list=0x000002290630f3f0, length=0, elements={
}

Java Threads: ( => current thread )

Other Threads:
  0x0000022907c91000 GCTaskThread "GC Thread#0" [stack: 0x000000a0f1600000,0x000000a0f1700000] [id=9104]
  0x0000022907cf1000 ConcurrentGCThread "G1 Main Marker" [stack: 0x000000a0f1700000,0x000000a0f1800000] [id=21716]
  0x0000022907cf2800 ConcurrentGCThread "G1 Conc#0" [stack: 0x000000a0f1800000,0x000000a0f1900000] [id=11176]

[error occurred during error reporting (printing all threads), id 0xc0000005, EXCEPTION_ACCESS_VIOLATION (0xc0000005) at pc=0x00007ffc9824c437]

VM state:not at safepoint (not fully initialized)

VM Mutex/Monitor currently owned by a thread:  ([mutex/lock_event])
[0x0000022907c76cb0] Heap_lock - owner thread: 0x0000022907c7a000

Heap address: 0x0000000701c00000, size: 4068 MB, Compressed Oops mode: Non-zero based: 0x0000000701c00000
Narrow klass base: 0x0000000000000000, Narrow klass shift: 0

GC Heap History (0 events):
No events

Deoptimization events (0 events):
No events

Classes redefined (0 events):
No events

Internal exceptions (0 events):
No events

Events (1 events):
Event: 0.008 Loaded shared library C:\Program Files\JetBrains\PyCharm 2021.1.1\jbr\bin\zip.dll


Dynamic libraries:
0x00007ff72df20000 - 0x00007ff72df2a000 	C:\Program Files\JetBrains\PyCharm 2021.1.1\jbr\bin\java.exe
0x00007ffd178d0000 - 0x00007ffd17ac5000 	C:\WINDOWS\SYSTEM32\ntdll.dll
0x00007ffd15dd0000 - 0x00007ffd15e8e000 	C:\WINDOWS\System32\KERNEL32.DLL
0x00007ffd15540000 - 0x00007ffd15809000 	C:\WINDOWS\System32\KERNELBASE.dll
0x00007ffd14ff0000 - 0x00007ffd150f0000 	C:\WINDOWS\System32\ucrtbase.dll
0x00007ffcd28c0000 - 0x00007ffcd28d9000 	C:\Program Files\JetBrains\PyCharm 2021.1.1\jbr\bin\jli.dll
0x00007ffcd19f0000 - 0x00007ffcd1a07000 	C:\Program Files\JetBrains\PyCharm 2021.1.1\jbr\bin\VCRUNTIME140.dll
0x00007ffd15980000 - 0x00007ffd15b21000 	C:\WINDOWS\System32\USER32.dll
0x00007ffd158f0000 - 0x00007ffd15912000 	C:\WINDOWS\System32\win32u.dll
0x00007ffd03320000 - 0x00007ffd035ba000 	C:\WINDOWS\WinSxS\amd64_microsoft.windows.common-controls_6595b64144ccf1df_6.0.19041.1110_none_60b5254171f9507e\COMCTL32.dll
0x00007ffd17110000 - 0x00007ffd1713b000 	C:\WINDOWS\System32\GDI32.dll
0x00007ffd17380000 - 0x00007ffd1741e000 	C:\WINDOWS\System32\msvcrt.dll
0x00007ffd151d0000 - 0x00007ffd152db000 	C:\WINDOWS\System32\gdi32full.dll
0x00007ffd154a0000 - 0x00007ffd1553d000 	C:\WINDOWS\System32\msvcp_win.dll
0x00007ffd16310000 - 0x00007ffd16340000 	C:\WINDOWS\System32\IMM32.DLL
0x00007ffc9a060000 - 0x00007ffc9a0fd000 	C:\Program Files\JetBrains\PyCharm 2021.1.1\jbr\bin\msvcp140.dll
0x00007ffc97f60000 - 0x00007ffc98aaf000 	C:\Program Files\JetBrains\PyCharm 2021.1.1\jbr\bin\server\jvm.dll
0x00007ffd15d20000 - 0x00007ffd15dcc000 	C:\WINDOWS\System32\ADVAPI32.dll
0x00007ffd17070000 - 0x00007ffd1710b000 	C:\WINDOWS\System32\sechost.dll
0x00007ffd15be0000 - 0x00007ffd15d0a000 	C:\WINDOWS\System32\RPCRT4.dll
0x00007ffd15d10000 - 0x00007ffd15d18000 	C:\WINDOWS\System32\PSAPI.DLL
0x00007ffd03770000 - 0x00007ffd03797000 	C:\WINDOWS\SYSTEM32\WINMM.dll
0x00007ffd0b6a0000 - 0x00007ffd0b6aa000 	C:\WINDOWS\SYSTEM32\VERSION.dll
0x00007ffcfb880000 - 0x00007ffcfb889000 	C:\WINDOWS\SYSTEM32\WSOCK32.dll
0x00007ffd17000000 - 0x00007ffd1706b000 	C:\WINDOWS\System32\WS2_32.dll
0x00007ffd13880000 - 0x00007ffd13892000 	C:\WINDOWS\SYSTEM32\kernel.appcore.dll
0x00007ffcf6dd0000 - 0x00007ffcf6de1000 	C:\Program Files\JetBrains\PyCharm 2021.1.1\jbr\bin\verify.dll
0x00007ffd104f0000 - 0x00007ffd106d4000 	C:\WINDOWS\SYSTEM32\DBGHELP.DLL
0x00007ffcf8e20000 - 0x00007ffcf8e4c000 	C:\WINDOWS\SYSTEM32\dbgcore.DLL
0x00007ffd15140000 - 0x00007ffd151c3000 	C:\WINDOWS\System32\bcryptPrimitives.dll
0x00007ffcdd100000 - 0x00007ffcdd129000 	C:\Program Files\JetBrains\PyCharm 2021.1.1\jbr\bin\java.dll
0x00007ffd0b140000 - 0x00007ffd0b14b000 	C:\Program Files\JetBrains\PyCharm 2021.1.1\jbr\bin\jimage.dll
0x00007ffcede90000 - 0x00007ffcedea8000 	C:\Program Files\JetBrains\PyCharm 2021.1.1\jbr\bin\zip.dll

dbghelp: loaded successfully - version: 4.0.5 - missing functions: none
symbol engine: initialized successfully - sym options: 0x614 - pdb path: .;C:\Program Files\JetBrains\PyCharm 2021.1.1\jbr\bin;C:\WINDOWS\SYSTEM32;C:\WINDOWS\WinSxS\amd64_microsoft.windows.common-controls_6595b64144ccf1df_6.0.19041.1110_none_60b5254171f9507e;C:\Program Files\JetBrains\PyCharm 2021.1.1\jbr\bin\server

VM Arguments:
java_command: org.jetbrains.git4idea.http.GitAskPassApp Username for 'https://github.com': 
java_class_path (initial): C:/Program Files/JetBrains/PyCharm 2021.1.1/plugins/git4idea/lib/git4idea-rt.jar;C:/Program Files/JetBrains/PyCharm 2021.1.1/lib/xmlrpc-2.0.1.jar;C:/Program Files/JetBrains/PyCharm 2021.1.1/lib/commons-codec-1.15.jar
Launcher Type: SUN_STANDARD

[Global flags]
     intx CICompilerCount                          = 4                                         {product} {ergonomic}
     uint ConcGCThreads                            = 2                                         {product} {ergonomic}
     uint G1ConcRefinementThreads                  = 8                                         {product} {ergonomic}
   size_t G1HeapRegionSize                         = 1048576                                   {product} {ergonomic}
    uintx GCDrainStackTargetSize                   = 64                                        {product} {ergonomic}
   size_t InitialHeapSize                          = 268435456                                 {product} {ergonomic}
   size_t MarkStackSize                            = 4194304                                   {product} {ergonomic}
   size_t MaxHeapSize                              = 4265607168                                {product} {ergonomic}
   size_t MinHeapDeltaBytes                        = 1048576                                   {product} {ergonomic}
    uintx NonNMethodCodeHeapSize                   = 5836300                                {pd product} {ergonomic}
    uintx NonProfiledCodeHeapSize                  = 122910970                              {pd product} {ergonomic}
    uintx ProfiledCodeHeapSize                     = 122910970                              {pd product} {ergonomic}
    uintx ReservedCodeCacheSize                    = 251658240                              {pd product} {ergonomic}
     bool SegmentedCodeCache                       = true                                      {product} {ergonomic}
     bool UseCompressedClassPointers               = true                                 {lp64_product} {ergonomic}
     bool UseCompressedOops                        = true                                 {lp64_product} {ergonomic}
     bool UseG1GC                                  = true                                      {product} {ergonomic}
     bool UseLargePagesIndividualAllocation        = false                                  {pd product} {ergonomic}

Logging:
Log output configuration:
 #0: stdout all=warning uptime,level,tags
 #1: stderr all=off uptime,level,tags

Environment Variables:
PATH=C:/Program Files/Git/mingw64/libexec/git-core;C:/Program Files/Git/mingw64/libexec/git-core;C:\Program Files\Git\mingw64\bin;C:\Program Files\Git\usr\bin;C:\Users\ASUS\bin;C:\WINDOWS\system32;C:\WINDOWS;C:\WINDOWS\System32\Wbem;C:\WINDOWS\System32\WindowsPowerShell\v1.0\;C:\WINDOWS\System32\OpenSSH\;C:\Program Files\Java\jdk-13\bin;C:\Program Files\PuTTY\;C:\Users\ASUS\AppData\Local\Programs\Python\Python38;C:\Users\ASUS\AppData\Local\Programs\Python;C:\Program Files\Git\cmd;C:\Users\ASUS\AppData\Local\Microsoft\WindowsApps;C:\Users\ASUS\AppData\Local\Programs\Microsoft VS Code\bin;C:\mingw64\bin
USERNAME=ASUS
DISPLAY=:0.0
LC_ALL=en_US.UTF-8
OS=Windows_NT
PROCESSOR_IDENTIFIER=Intel64 Family 6 Model 158 Stepping 9, GenuineIntel



---------------  S Y S T E M  ---------------

OS: Windows 10 , 64 bit Build 19041 (10.0.19041.1202)
OS uptime: 2 days 8:56 hours
Hyper-V role detected

CPU:total 8 (initial active 8) (4 cores per cpu, 2 threads per core) family 6 model 158 stepping 9 microcode 0xb4, cmov, cx8, fxsr, mmx, sse, sse2, sse3, ssse3, sse4.1, sse4.2, popcnt, avx, avx2, aes, clmul, erms, 3dnowpref, lzcnt, ht, tsc, tscinvbit, bmi1, bmi2, adx, fma

Memory: 4k page, system-wide physical 16268M (2633M free)
TotalPageFile size 23454M (AvailPageFile size 239M)
current process WorkingSet (physical memory assigned to process): 10M, peak: 10M
current process commit charge ("private bytes"): 60M, peak: 316M

vm_info: Dynamic Code Evolution 64-Bit Server VM (11.0.10+9-b1341.41) for windows-amd64 JRE (11.0.10+9-b1341.41), built on Apr 17 2021 07:18:15 by "" with MS VC++ 14.0 (VS2015)

END.
