#
# There is insufficient memory for the Java Runtime Environment to continue.
# Native memory allocation (mmap) failed to map 268435456 bytes for Failed to commit area from 0x0000000701c00000 to 0x0000000711c00000 of length 268435456.
# Possible reasons:
#   The system is out of physical RAM or swap space
#   The process is running with CompressedOops enabled, and the Java Heap may be blocking the growth of the native heap
# Possible solutions:
#   Reduce memory load on the system
#   Increase physical memory or swap space
#   Check if swap backing store is full
#   Decrease Java heap size (-Xmx/-Xms)
#   Decrease number of Java threads
#   Decrease Java thread stack sizes (-Xss)
#   Set larger code cache with -XX:ReservedCodeCacheSize=
# This output file may be truncated or incomplete.
#
#  Out of Memory Error (./src/hotspot/os/windows/os_windows.cpp:3301), pid=9080, tid=28972
#
# JRE version:  (11.0.10+9) (build )
# Java VM: Dynamic Code Evolution 64-Bit Server VM (11.0.10+9-b1341.41, mixed mode, sharing, tiered, compressed oops, g1 gc, windows-amd64)
# No core dump will be written. Minidumps are not enabled by default on client versions of Windows
#

---------------  S U M M A R Y ------------

Command Line: org.jetbrains.git4idea.http.GitAskPassApp Username for 'https://github.com': 

Host: Intel(R) Core(TM) i7-7700HQ CPU @ 2.80GHz, 8 cores, 15G,  Windows 10 , 64 bit Build 19041 (10.0.19041.1503)
Time: Wed Mar  9 02:21:08 2022 东部标准时间 elapsed time: 0.015965 seconds (0d 0h 0m 0s)

---------------  T H R E A D  ---------------

Current thread (0x0000020cee0db000):  JavaThread "Unknown thread" [_thread_in_vm, id=28972, stack(0x000000f2b2400000,0x000000f2b2500000)]

Stack: [0x000000f2b2400000,0x000000f2b2500000]
Native frames: (J=compiled Java code, j=interpreted, Vv=VM code, C=native code)
V  [jvm.dll+0x5f84fa]
V  [jvm.dll+0x77e085]
V  [jvm.dll+0x77f5dd]
V  [jvm.dll+0x77fc93]
V  [jvm.dll+0x2457e8]
V  [jvm.dll+0x5f58f4]
V  [jvm.dll+0x5ea975]
V  [jvm.dll+0x30228b]
V  [jvm.dll+0x3021fa]
V  [jvm.dll+0x3020d2]
V  [jvm.dll+0x306fb6]
V  [jvm.dll+0x34f843]
V  [jvm.dll+0x34ff46]
V  [jvm.dll+0x34f943]
V  [jvm.dll+0x2dbcb8]
V  [jvm.dll+0x2dce57]
V  [jvm.dll+0x75c4d7]
V  [jvm.dll+0x75dd6c]
V  [jvm.dll+0x35cdb9]
V  [jvm.dll+0x73fc9e]
V  [jvm.dll+0x3c5663]
V  [jvm.dll+0x3c7a21]
C  [jli.dll+0x5373]
C  [ucrtbase.dll+0x21bb2]
C  [KERNEL32.DLL+0x17034]
C  [ntdll.dll+0x52651]


---------------  P R O C E S S  ---------------

Threads class SMR info:
_java_thread_list=0x0000020cedfe1dc0, length=0, elements={
}

Java Threads: ( => current thread )

Other Threads:
  0x0000020cee0f4000 GCTaskThread "GC Thread#0" [stack: 0x000000f2b2500000,0x000000f2b2600000] [id=6508]
  0x0000020cee150800 ConcurrentGCThread "G1 Main Marker" [stack: 0x000000f2b2600000,0x000000f2b2700000] [id=27520]
  0x0000020cee153000 ConcurrentGCThread "G1 Conc#0" [stack: 0x000000f2b2700000,0x000000f2b2800000] [id=10660]

[error occurred during error reporting (printing all threads), id 0xc0000005, EXCEPTION_ACCESS_VIOLATION (0xc0000005) at pc=0x00007fff2500c437]

VM state:not at safepoint (not fully initialized)

VM Mutex/Monitor currently owned by a thread:  ([mutex/lock_event])
[0x0000020cee0d74d0] Heap_lock - owner thread: 0x0000020cee0db000

Heap address: 0x0000000701c00000, size: 4068 MB, Compressed Oops mode: Non-zero based: 0x0000000701c00000
Narrow klass base: 0x0000000000000000, Narrow klass shift: 0

GC Heap History (0 events):
No events

Deoptimization events (0 events):
No events

Classes redefined (0 events):
No events

Internal exceptions (0 events):
No events

Events (1 events):
Event: 0.010 Loaded shared library C:\Program Files\JetBrains\PyCharm 2021.1.1\jbr\bin\zip.dll


Dynamic libraries:
0x00007ff6eb270000 - 0x00007ff6eb27a000 	C:\Program Files\JetBrains\PyCharm 2021.1.1\jbr\bin\java.exe
0x00007fffb1410000 - 0x00007fffb1605000 	C:\WINDOWS\SYSTEM32\ntdll.dll
0x00007fffb1110000 - 0x00007fffb11ce000 	C:\WINDOWS\System32\KERNEL32.DLL
0x00007fffaeb20000 - 0x00007fffaede8000 	C:\WINDOWS\System32\KERNELBASE.dll
0x00007fffaf060000 - 0x00007fffaf160000 	C:\WINDOWS\System32\ucrtbase.dll
0x00007fffa03f0000 - 0x00007fffa0409000 	C:\Program Files\JetBrains\PyCharm 2021.1.1\jbr\bin\jli.dll
0x00007fff8ee80000 - 0x00007fff8ee97000 	C:\Program Files\JetBrains\PyCharm 2021.1.1\jbr\bin\VCRUNTIME140.dll
0x00007fffb0db0000 - 0x00007fffb0f50000 	C:\WINDOWS\System32\USER32.dll
0x00007fffaf430000 - 0x00007fffaf452000 	C:\WINDOWS\System32\win32u.dll
0x00007fff98390000 - 0x00007fff9862a000 	C:\WINDOWS\WinSxS\amd64_microsoft.windows.common-controls_6595b64144ccf1df_6.0.19041.1110_none_60b5254171f9507e\COMCTL32.dll
0x00007fffaf9e0000 - 0x00007fffafa0b000 	C:\WINDOWS\System32\GDI32.dll
0x00007fffaf940000 - 0x00007fffaf9de000 	C:\WINDOWS\System32\msvcrt.dll
0x00007fffaee80000 - 0x00007fffaef8d000 	C:\WINDOWS\System32\gdi32full.dll
0x00007fffaef90000 - 0x00007fffaf02d000 	C:\WINDOWS\System32\msvcp_win.dll
0x00007fffafa10000 - 0x00007fffafa40000 	C:\WINDOWS\System32\IMM32.DLL
0x00007fff74110000 - 0x00007fff741ad000 	C:\Program Files\JetBrains\PyCharm 2021.1.1\jbr\bin\msvcp140.dll
0x00007fff24d20000 - 0x00007fff2586f000 	C:\Program Files\JetBrains\PyCharm 2021.1.1\jbr\bin\server\jvm.dll
0x00007fffb0000000 - 0x00007fffb00ae000 	C:\WINDOWS\System32\ADVAPI32.dll
0x00007fffb11d0000 - 0x00007fffb126c000 	C:\WINDOWS\System32\sechost.dll
0x00007fffb00b0000 - 0x00007fffb01d5000 	C:\WINDOWS\System32\RPCRT4.dll
0x00007fffb0f50000 - 0x00007fffb0f58000 	C:\WINDOWS\System32\PSAPI.DLL
0x00007fff966f0000 - 0x00007fff966f9000 	C:\WINDOWS\SYSTEM32\WSOCK32.dll
0x00007fff988d0000 - 0x00007fff988f7000 	C:\WINDOWS\SYSTEM32\WINMM.dll
0x00007fffa4e20000 - 0x00007fffa4e2a000 	C:\WINDOWS\SYSTEM32\VERSION.dll
0x00007fffb1270000 - 0x00007fffb12db000 	C:\WINDOWS\System32\WS2_32.dll
0x00007fffad390000 - 0x00007fffad3a2000 	C:\WINDOWS\SYSTEM32\kernel.appcore.dll
0x00007fffa6210000 - 0x00007fffa6221000 	C:\Program Files\JetBrains\PyCharm 2021.1.1\jbr\bin\verify.dll
0x00007fffa9880000 - 0x00007fffa9a64000 	C:\WINDOWS\SYSTEM32\DBGHELP.DLL
0x00007fff90e60000 - 0x00007fff90e8c000 	C:\WINDOWS\SYSTEM32\dbgcore.DLL
0x00007fffaedf0000 - 0x00007fffaee72000 	C:\WINDOWS\System32\bcryptPrimitives.dll
0x00007fff9e320000 - 0x00007fff9e349000 	C:\Program Files\JetBrains\PyCharm 2021.1.1\jbr\bin\java.dll
0x00007fffa6270000 - 0x00007fffa627b000 	C:\Program Files\JetBrains\PyCharm 2021.1.1\jbr\bin\jimage.dll
0x00007fffa2c70000 - 0x00007fffa2c88000 	C:\Program Files\JetBrains\PyCharm 2021.1.1\jbr\bin\zip.dll

dbghelp: loaded successfully - version: 4.0.5 - missing functions: none
symbol engine: initialized successfully - sym options: 0x614 - pdb path: .;C:\Program Files\JetBrains\PyCharm 2021.1.1\jbr\bin;C:\WINDOWS\SYSTEM32;C:\WINDOWS\WinSxS\amd64_microsoft.windows.common-controls_6595b64144ccf1df_6.0.19041.1110_none_60b5254171f9507e;C:\Program Files\JetBrains\PyCharm 2021.1.1\jbr\bin\server

VM Arguments:
java_command: org.jetbrains.git4idea.http.GitAskPassApp Username for 'https://github.com': 
java_class_path (initial): C:/Program Files/JetBrains/PyCharm 2021.1.1/plugins/git4idea/lib/git4idea-rt.jar;C:/Program Files/JetBrains/PyCharm 2021.1.1/lib/xmlrpc-2.0.1.jar;C:/Program Files/JetBrains/PyCharm 2021.1.1/lib/commons-codec-1.15.jar
Launcher Type: SUN_STANDARD

[Global flags]
     intx CICompilerCount                          = 4                                         {product} {ergonomic}
     uint ConcGCThreads                            = 2                                         {product} {ergonomic}
     uint G1ConcRefinementThreads                  = 8                                         {product} {ergonomic}
   size_t G1HeapRegionSize                         = 1048576                                   {product} {ergonomic}
    uintx GCDrainStackTargetSize                   = 64                                        {product} {ergonomic}
   size_t InitialHeapSize                          = 268435456                                 {product} {ergonomic}
   size_t MarkStackSize                            = 4194304                                   {product} {ergonomic}
   size_t MaxHeapSize                              = 4265607168                                {product} {ergonomic}
   size_t MinHeapDeltaBytes                        = 1048576                                   {product} {ergonomic}
    uintx NonNMethodCodeHeapSize                   = 5836300                                {pd product} {ergonomic}
    uintx NonProfiledCodeHeapSize                  = 122910970                              {pd product} {ergonomic}
    uintx ProfiledCodeHeapSize                     = 122910970                              {pd product} {ergonomic}
    uintx ReservedCodeCacheSize                    = 251658240                              {pd product} {ergonomic}
     bool SegmentedCodeCache                       = true                                      {product} {ergonomic}
     bool UseCompressedClassPointers               = true                                 {lp64_product} {ergonomic}
     bool UseCompressedOops                        = true                                 {lp64_product} {ergonomic}
     bool UseG1GC                                  = true                                      {product} {ergonomic}
     bool UseLargePagesIndividualAllocation        = false                                  {pd product} {ergonomic}

Logging:
Log output configuration:
 #0: stdout all=warning uptime,level,tags
 #1: stderr all=off uptime,level,tags

Environment Variables:
PATH=C:/Program Files/Git/mingw64/libexec/git-core;C:/Program Files/Git/mingw64/libexec/git-core;C:\Program Files\Git\mingw64\bin;C:\Program Files\Git\usr\bin;C:\Users\ASUS\bin;C:\WINDOWS\system32;C:\WINDOWS;C:\WINDOWS\System32\Wbem;C:\WINDOWS\System32\WindowsPowerShell\v1.0\;C:\WINDOWS\System32\OpenSSH\;C:\Program Files\Java\jdk-13\bin;C:\Program Files\PuTTY\;C:\Users\ASUS\AppData\Local\Programs\Python\Python38;C:\Users\ASUS\AppData\Local\Programs\Python;C:\Program Files\Git\cmd;C:\Program Files\Docker\Docker\resources\bin;C:\ProgramData\DockerDesktop\version-bin;D:\apache-maven-3.8.4-bin\apache-maven-3.8.4/bin
USERNAME=ASUS
DISPLAY=:0.0
LC_ALL=en_US.UTF-8
OS=Windows_NT
PROCESSOR_IDENTIFIER=Intel64 Family 6 Model 158 Stepping 9, GenuineIntel



---------------  S Y S T E M  ---------------

OS: Windows 10 , 64 bit Build 19041 (10.0.19041.1503)
OS uptime: 7 days 9:59 hours
Hyper-V role detected

CPU:total 8 (initial active 8) (4 cores per cpu, 2 threads per core) family 6 model 158 stepping 9 microcode 0xb4, cmov, cx8, fxsr, mmx, sse, sse2, sse3, ssse3, sse4.1, sse4.2, popcnt, avx, avx2, aes, clmul, erms, 3dnowpref, lzcnt, ht, tsc, tscinvbit, bmi1, bmi2, adx, fma

Memory: 4k page, system-wide physical 16268M (6433M free)
TotalPageFile size 19960M (AvailPageFile size 228M)
current process WorkingSet (physical memory assigned to process): 10M, peak: 10M
current process commit charge ("private bytes"): 60M, peak: 316M

vm_info: Dynamic Code Evolution 64-Bit Server VM (11.0.10+9-b1341.41) for windows-amd64 JRE (11.0.10+9-b1341.41), built on Apr 17 2021 07:18:15 by "" with MS VC++ 14.0 (VS2015)

END.
